Інформація про користувачів системи "SmartBase":

1. Іваненко Марія Степанівна
   Дата народження: 14.03.1989
   Телефон: +380503456789
   Електронна пошта: maria.ivanenko89@gmail.com

2. Петренко Олександр Ігорович
   Народився: 22.11.1993
   Тел: +38(067)123-45-67
   Email: o.p.petrenko@ukr.net

3. Васильчук Анна
   День народження: 5 серпня 2000
   Телефон: +38098-765-43-21
   Пошта: anna.vasylchuk2000@gmail.com

4. Мельник Юрій
   DOB: 1991-12-01
   Телефон моб.: 0631239876
   e-mail: yurko.melnyk@meta.ua

5. Bondar, Tetiana
   Birth date: 30/04/1985
   Phone: +38 050 111 22 33
   Email address: t.bondar85@mail.com

6. Сергієнко Максим Валерійович
   Дата народження: 1988.07.09
   Телефон: 093-999-88-77
   Поштова скринька: max.serhienko@gmail.com

7. Дмитренко Владислава
   народилась: 17 березня 1996
   Контактний телефон: +38(073)456-78-90
   Електронна адреса: d.vladyslava@ukr.net

8. Федоренко Олена
   Дата нар.: 01.01.2001
   Тел.: 0960001122
   Електронна скринька: olena.fdrnk@outlook.com

9. Taran Oleg
   Date of Birth: 1979-09-27
   Cell: +380661234567
   Email: o.taran@gmail.com

10. Савчук Ірина
    День народження: 2 червня 1995
    Телефон для зв'язку: 099-321-00-22
    Email: iryna_savchuk95@i.ua

11. Ігоренко Світлана
    д.н.: 2003-03-19
    Моб.: +380632223344
    Пошта: svetlana.ihorenko@gmail.com

12. Прокопенко Андрій
    Birthday: 15.05.1990
    Тел.: +38 095 888 77 66
    Email: a.prokopenko@company.org

13. Mykhailo Dobrov
    Born on: 1992/12/12
    Phone number: +380976543210
    Email: m.dobrov@protonmail.com

14. Нікітенко Юлія
    Дата народження: 20.10.1998
    Телефон: 098-111-22-33
    Ел. адреса: y.nikitenko1998@gmail.com

15. Шевченко Артем
    Дата народження: 17.02.1987
    Телефон: +38(050)555-66-77
    Електронна адреса: a.shevchenko@biz.ua

16. Ільченко Валерія
    Дата народження: 1999-04-22
    Телефон: 066 123 4567
    Email: ilchenko.valeriya@gmail.com

17. Катерина Ковальчук
    Дата нар.: 12-06-1994
    Телефон: 073.987.6543
    E-mail: katya.kovalchuk94@gmail.com

18. Moroz Ivan
    Birthdate: 08/08/1980
    Cellphone: +380951234567
    Email: i.moroz@icehost.com

19. Лисенко Вікторія
    Дата народження: 03.03.1993
    Тел.: 067-777-88-99
    Пошта: v.lysenko@mail.ua

20. Степаненко Богдан
    День нар.: 25 квітня 2002
    Телефон: 099 111 00 44
    Email: b.stepanenko@edu.org
